This is pdfTeX, Version 3.1415926-1.40.10 (TeX Live 2009) (format=pdflatex 2009.11.7)  30 MAY 2010 12:24
entering extended mode
 \write18 enabled.
 file:line:error style messages enabled.
 %&-line parsing enabled.
**pjdCV.tex
(./pjdCV.tex
LaTeX2e <2009/09/24>
Babel <v3.8l> and hyphenation patterns for english, usenglishmax, dumylang, noh
yphenation, german-x-2009-06-19, ngerman-x-2009-06-19, ancientgreek, ibycus, ar
abic, basque, bulgarian, catalan, pinyin, coptic, croatian, czech, danish, dutc
h, esperanto, estonian, farsi, finnish, french, galician, german, ngerman, mono
greek, greek, hungarian, icelandic, indonesian, interlingua, irish, italian, ku
rmanji, latin, latvian, lithuanian, mongolian, mongolian2a, bokmal, nynorsk, po
lish, portuguese, romanian, russian, sanskrit, serbian, slovak, slovenian, span
ish, swedish, turkish, ukenglish, ukrainian, uppersorbian, welsh, loaded.
(/usr/local/texlive/2009/texmf-dist/tex/latex/base/article.cls
Document Class: article 2007/10/19 v1.4h Standard LaTeX document class
(/usr/local/texlive/2009/texmf-dist/tex/latex/base/size12.clo
File: size12.clo 2007/10/19 v1.4h Standard LaTeX file (size option)
)
\c@part=\count79
\c@section=\count80
\c@subsection=\count81
\c@subsubsection=\count82
\c@paragraph=\count83
\c@subparagraph=\count84
\c@figure=\count85
\c@table=\count86
\abovecaptionskip=\skip41
\belowcaptionskip=\skip42
\bibindent=\dimen102
)
(/usr/local/texlive/2009/texmf-dist/tex/latex/currvita/currvita.sty
Package: currvita 1999/09/13 v0.9i Typesetting a Curriculum Vitae

(/usr/local/texlive/2009/texmf-dist/tex/latex/base/ifthen.sty
Package: ifthen 2001/05/26 v1.1c Standard LaTeX ifthen package (DPC)
)
\@cvlistheading=\box26
\cvlabelsep=\skip43
\cvlabelskip=\skip44
\cvlabelwidth=\skip45
) (./pjdCV.aux)
\openout1 = `pjdCV.aux'.

LaTeX Font Info:    Checking defaults for OML/cmm/m/it on input line 23.
LaTeX Font Info:    ... okay on input line 23.
LaTeX Font Info:    Checking defaults for T1/cmr/m/n on input line 23.
LaTeX Font Info:    ... okay on input line 23.
LaTeX Font Info:    Checking defaults for OT1/cmr/m/n on input line 23.
LaTeX Font Info:    ... okay on input line 23.
LaTeX Font Info:    Checking defaults for OMS/cmsy/m/n on input line 23.
LaTeX Font Info:    ... okay on input line 23.
LaTeX Font Info:    Checking defaults for OMX/cmex/m/n on input line 23.
LaTeX Font Info:    ... okay on input line 23.
LaTeX Font Info:    Checking defaults for U/cmr/m/n on input line 23.
LaTeX Font Info:    ... okay on input line 23.

Underfull \hbox (badness 10000) in paragraph at lines 33--34

 []


Overfull \hbox (2.34178pt too wide) in paragraph at lines 41--43
[]\OT1/cmr/m/n/12 Developed an au-to-mated Com-mer-cial Driver Li-cense skills
 []

[1

{/usr/local/texlive/2009/texmf-var/fonts/map/pdftex/updmap/pdftex.map}]
[2]
Overfull \hbox (24.84062pt too wide) in paragraph at lines 59--61
\OT1/cmr/m/n/12 Technical Rep-re-sen-ta-tive, Tamaqua, Penn-syl-va-nia; Evansvi
lle,
 []

[3]
Overfull \hbox (7.06395pt too wide) in paragraph at lines 80--81
[]\OT1/cmr/m/n/12 West Vir-ginia De-part-ment of Emer-gency Ser-vices Weapons
 []

LaTeX Font Info:    External font `cmex10' loaded for size
(Font)              <12> on input line 85.
LaTeX Font Info:    External font `cmex10' loaded for size
(Font)              <8> on input line 85.
LaTeX Font Info:    External font `cmex10' loaded for size
(Font)              <6> on input line 85.

Overfull \hbox (4.1468pt too wide) in paragraph at lines 85--86
[]\OT1/cmr/m/n/12 FCC Ex-tra Class am-a-teur ra-dio li-cense, call sign $\OML/c
mm/m/it/12 KN\OT1/cmr/m/n/12 0\OML/cmm/m/it/12 BY$\OT1/cmr/m/n/12 . 
 []

Missing character: There is no Õ in font cmr12!

Overfull \hbox (16.37994pt too wide) in paragraph at lines 96--97
[]\OT1/cmr/m/it/12 Strategic Man-age-ment of Tech-no-log-i-cal In-no-va-tion\OT
1/cmr/m/n/12 , Schilling,
 []

[4]
Missing character: There is no Õ in font cmti12!

Overfull \hbox (27.992pt too wide) in paragraph at lines 110--111
[]\OT1/cmr/m/it/12 Application of High Ac-cu-racy Dif-fer-en-tial GPS\OT1/cmr/m
/n/12 , co-presentation
 []


Overfull \hbox (3.57387pt too wide) in paragraph at lines 111--112
[]\OT1/cmr/m/it/12 Application of Geo-phys-i-cal Meth-ods to Eval-u-ate Rail Tr
ack
 []


Overfull \hbox (23.40602pt too wide) in paragraph at lines 112--113
[]\OT1/cmr/m/it/12 High Ac-cu-racy Dif-fer-en-tial GPS \OT1/cmr/m/n/12 pre-sent
ed to the Parkersburg-
 []


Overfull \hbox (7.09857pt too wide) in paragraph at lines 113--114
\OT1/cmr/m/it/12 dress-able Re-mote Trans-mit-ter (HART) Ap-pli-ca-tions\OT1/cm
r/m/n/12 , Pitts-
 []

[5] [6]
Overfull \hbox (3.57387pt too wide) in paragraph at lines 127--128
[]\OT1/cmr/m/it/12 Application of Geo-phys-i-cal Meth-ods to Eval-u-ate Rail Tr
ack
 []

[7] (./pjdCV.aux) ) 
Here is how much of TeX's memory you used:
 316 strings out of 493848
 3591 string characters out of 3149207
 53605 words of memory out of 3000000
 3660 multiletter control sequences out of 15000+200000
 7644 words of font info for 27 fonts, out of 3000000 for 9000
 714 hyphenation exceptions out of 8191
 22i,4n,19p,524b,228s stack positions out of 5000i,500n,10000p,200000b,50000s
</usr/local/texlive/2009/texmf-dist/fonts/type1/public/amsfo
nts/cm/cmbx12.pfb></usr/local/texlive/2009/texmf-dist/fonts/type1/public/amsfon
ts/cm/cmmi12.pfb></usr/local/texlive/2009/texmf-dist/fonts/type1/public/amsfont
s/cm/cmr12.pfb></usr/local/texlive/2009/texmf-dist/fonts/type1/public/amsfonts/
cm/cmti12.pfb>
Output written on pjdCV.pdf (7 pages, 79741 bytes).
PDF statistics:
 42 PDF objects out of 1000 (max. 8388607)
 0 named destinations out of 1000 (max. 500000)
 1 words of extra memory for PDF output out of 10000 (max. 10000000)

